<?xml version="1.0" encoding="UTF-8"?>
<!-- Generated by org.testng.reporters.JUnitXMLReporter -->
<testsuite hostname="DESKTOP-63VVHER" name="ScreenTest_Negative_Resize" tests="1" failures="1" timestamp="11 Dec 2017 05:26:34 GMT" time="24.639" errors="0">
  <testcase name="doLogin" time="23.687" classname="com.tesco.pom.testcases.ScreenTest_Negative_Resize">
    <failure type="java.lang.AssertionError" message="Tesco Groceries Items Resolution NOT appropriate">
      <![CDATA[java.lang.AssertionError: Tesco Groceries Items Resolution NOT appropriate
	at com.tesco.pom.testcases.base.BaseTest.reportFailure(BaseTest.java:150)
	at com.tesco.pom.testcases.ScreenTest_Negative_Resize.doLogin(ScreenTest_Negative_Resize.java:74)
... Removed 25 stack frames]]>
    </failure>
  </testcase> <!-- doLogin -->
</testsuite> <!-- ScreenTest_Negative_Resize -->
